TN:
SF:components\WeekView.tsx
FN:10,(anonymous_0)
FN:82,Duty
FN:121,DutyCell
FN:128,(anonymous_3)
FN:135,(anonymous_4)
FN:140,WeekView
FN:144,(anonymous_6)
FN:147,(anonymous_7)
FN:150,(anonymous_8)
FN:150,(anonymous_9)
FN:151,(anonymous_10)
FN:163,(anonymous_11)
FN:177,(anonymous_12)
FN:182,(anonymous_13)
FNF:14
FNH:14
FNDA:2,(anonymous_0)
FNDA:6,Duty
FNDA:48,DutyCell
FNDA:42,(anonymous_3)
FNDA:6,(anonymous_4)
FNDA:2,WeekView
FNDA:2,(anonymous_6)
FNDA:14,(anonymous_7)
FNDA:2,(anonymous_8)
FNDA:46,(anonymous_9)
FNDA:92,(anonymous_10)
FNDA:14,(anonymous_11)
FNDA:6,(anonymous_12)
FNDA:42,(anonymous_13)
DA:10,2
DA:82,2
DA:90,6
DA:91,6
DA:93,6
DA:121,2
DA:126,48
DA:128,48
DA:133,48
DA:135,6
DA:141,2
DA:142,2
DA:143,2
DA:144,2
DA:146,2
DA:147,14
DA:150,2
DA:151,46
DA:152,92
DA:157,2
DA:164,14
DA:178,6
DA:183,42
LF:23
LH:23
BRDA:114,0,0,6
BRDA:114,0,1,6
BRDA:143,1,0,0
BRDA:143,1,1,2
BRDA:143,2,0,2
BRDA:143,2,1,0
BRDA:152,3,0,92
BRDA:152,3,1,16
BRF:8
BRH:6
end_of_record
TN:
SF:cypress\components\weekview.spec.js
FN:32,(anonymous_0)
FN:33,(anonymous_1)
FN:38,(anonymous_2)
FN:40,(anonymous_3)
FN:40,(anonymous_4)
FNF:5
FNH:5
FNDA:2,(anonymous_0)
FNDA:2,(anonymous_1)
FNDA:2,(anonymous_2)
FNDA:2,(anonymous_3)
FNDA:4,(anonymous_4)
DA:7,2
DA:27,2
DA:32,2
DA:33,2
DA:34,2
DA:36,2
DA:37,2
DA:38,2
DA:39,2
DA:40,4
DA:42,2
DA:43,2
LF:12
LH:12
BRF:0
BRH:0
end_of_record
